TN:
SF:src/index.ts
FN:5,toRad
FN:9,getDistance
FN:28,measurePath
FN:30,points.reduce.lastPoint
FN:39,Object.<anonymous>.exports.default
FNF:5
FNH:5
FNDA:16,toRad
FNDA:4,getDistance
FNDA:1,measurePath
FNDA:4,points.reduce.lastPoint
FNDA:2,Object.<anonymous>.exports.default
DA:1,1
DA:2,1
DA:3,1
DA:4,1
DA:5,1
DA:6,16
DA:7,16
DA:8,1
DA:9,1
DA:10,4
DA:11,4
DA:12,4
DA:13,4
DA:14,4
DA:15,4
DA:16,4
DA:17,4
DA:18,4
DA:19,4
DA:20,4
DA:21,4
DA:22,4
DA:23,4
DA:24,4
DA:25,4
DA:26,4
DA:27,1
DA:28,1
DA:29,1
DA:30,1
DA:31,4
DA:32,4
DA:33,4
DA:34,1
DA:35,1
DA:36,1
DA:37,1
DA:38,1
DA:39,1
DA:40,2
DA:41,2
DA:42,2
DA:43,2
DA:44,2
DA:45,2
DA:46,1
DA:47,1
DA:48,1
DA:49,1
LF:49
LH:49
BRDA:5,0,0,16
BRDA:9,1,0,4
BRDA:28,2,0,1
BRDA:30,3,0,4
BRDA:32,4,0,1
BRDA:32,5,0,3
BRDA:39,6,0,2
BRDA:45,7,0,1
BRF:8
BRH:8
end_of_record
